<?xml version="1.0" encoding="UTF-8"?>
<!-- Generated by org.testng.reporters.JUnitReportReporter -->
<testsuite hostname="ArunDharshTanvi" failures="0" tests="1" name="pagesTests.AddToCartPageTest" time="0.564" errors="0" timestamp="2025-06-30T10:36:31 IST" skipped="0">
  <testcase classname="pagesTests.AddToCartPageTest" name="testAddToCartWithSortByPrice" time="0.564"/>
</testsuite> <!-- pagesTests.AddToCartPageTest -->
