<?xml version="1.0" encoding="UTF-8"?>
<!-- Generated by org.testng.reporters.JUnitReportReporter -->
<testsuite hostname="ArunDharshTanvi" failures="0" tests="1" name="pagesTests.LogoutTest" time="0.738" errors="0" timestamp="2025-06-30T10:36:31 IST" skipped="0">
  <testcase classname="pagesTests.LogoutTest" name="logoutTest" time="0.738"/>
</testsuite> <!-- pagesTests.LogoutTest -->
