<?xml version="1.0" encoding="UTF-8"?>
<!-- Generated by org.testng.reporters.JUnitReportReporter -->
<testsuite hostname="ArunDharshTanvi" failures="0" tests="1" name="pagesTests.ProductCountTest" time="0.115" errors="0" timestamp="2025-06-30T10:36:31 IST" skipped="0">
  <testcase classname="pagesTests.ProductCountTest" name="productCountTest" time="0.115"/>
</testsuite> <!-- pagesTests.ProductCountTest -->
