<?xml version="1.0" encoding="UTF-8"?>
<!-- Generated by org.testng.reporters.JUnitReportReporter -->
<testsuite hostname="ArunDharshTanvi" failures="0" tests="1" name="pagesTests.LoginPageTest" time="1.042" errors="0" timestamp="2025-06-30T10:36:31 IST" skipped="0">
  <testcase classname="pagesTests.LoginPageTest" name="testValidLogin" time="1.042"/>
</testsuite> <!-- pagesTests.LoginPageTest -->
